This is pdfTeX, Version 3.1415926-2.3-1.40.12 (TeX Live 2011) (format=pdflatex 2011.11.24)  10 MAR 2012 18:09
entering extended mode
 \write18 enabled.
 file:line:error style messages enabled.
 %&-line parsing enabled.
**2012course.tex
(./2012course.tex
LaTeX2e <2011/06/27>
Babel <v3.8m> and hyphenation patterns for english, dumylang, nohyphenation, ge
rman-x-2011-07-01, ngerman-x-2011-07-01, afrikaans, ancientgreek, ibycus, arabi
c, armenian, basque, bulgarian, catalan, pinyin, coptic, croatian, czech, danis
h, dutch, ukenglish, usenglishmax, esperanto, estonian, ethiopic, farsi, finnis
h, french, galician, german, ngerman, swissgerman, monogreek, greek, hungarian,
 icelandic, assamese, bengali, gujarati, hindi, kannada, malayalam, marathi, or
iya, panjabi, tamil, telugu, indonesian, interlingua, irish, italian, kurmanji,
 lao, latin, latvian, lithuanian, mongolian, mongolianlmc, bokmal, nynorsk, pol
ish, portuguese, romanian, russian, sanskrit, serbian, serbianc, slovak, sloven
ian, spanish, swedish, turkish, turkmen, ukrainian, uppersorbian, welsh, loaded
.
(/usr/local/texlive/2011/texmf-dist/tex/latex/beamer/beamer.cls
(/usr/local/texlive/2011/texmf-dist/tex/latex/beamer/beamerbasercs.sty
Package: beamerbasercs 2011/09/21 (rcs-revision 42a2c9debdc3)
)
Document Class: beamer 2011/09/12 development version 3.12 A class for typesett
ing presentations (rcs-revision 70f9d8411e54)
(/usr/local/texlive/2011/texmf-dist/tex/latex/beamer/beamerbasemodes.sty
Package: beamerbasemodes 2010/05/01 (rcs-revision efa082c6111d)
\beamer@tempbox=\box26
\beamer@tempcount=\count79
\c@beamerpauses=\count80

(/usr/local/texlive/2011/texmf-dist/tex/latex/beamer/beamerbasedecode.sty
Package: beamerbasedecode 2010/05/01 (rcs-revision efa082c6111d)
\beamer@slideinframe=\count81
\beamer@minimum=\count82
)
\beamer@commentbox=\box27
\beamer@modecount=\count83
)
(/usr/local/texlive/2011/texmf-dist/tex/generic/oberdiek/ifpdf.sty
Package: ifpdf 2011/01/30 v2.3 Provides the ifpdf switch (HO)
Package ifpdf Info: pdfTeX in PDF mode is detected.
)
\headheight=\dimen102
\headdp=\dimen103
\footheight=\dimen104
\sidebarheight=\dimen105
\beamer@tempdim=\dimen106
\beamer@finalheight=\dimen107
\beamer@animht=\dimen108
\beamer@animdp=\dimen109
\beamer@animwd=\dimen110
\beamer@leftmargin=\dimen111
\beamer@rightmargin=\dimen112
\beamer@leftsidebar=\dimen113
\beamer@rightsidebar=\dimen114
\beamer@boxsize=\dimen115
\beamer@vboxoffset=\dimen116
\beamer@descdefault=\dimen117
\beamer@descriptionwidth=\dimen118
\beamer@lastskip=\skip41
\beamer@areabox=\box28
\beamer@animcurrent=\box29
\beamer@animshowbox=\box30
\beamer@sectionbox=\box31
\beamer@logobox=\box32
\beamer@linebox=\box33
\beamer@sectioncount=\count84
\beamer@subsubsectionmax=\count85
\beamer@subsectionmax=\count86
\beamer@sectionmax=\count87
\beamer@totalheads=\count88
\beamer@headcounter=\count89
\beamer@partstartpage=\count90
\beamer@sectionstartpage=\count91
\beamer@subsectionstartpage=\count92
\beamer@animationtempa=\count93
\beamer@animationtempb=\count94
\beamer@xpos=\count95
\beamer@ypos=\count96
\beamer@showpartnumber=\count97
\beamer@currentsubsection=\count98
\beamer@coveringdepth=\count99
\beamer@sectionadjust=\count100
\beamer@tocsectionnumber=\count101

(/usr/local/texlive/2011/texmf-dist/tex/latex/beamer/beamerbaseoptions.sty
Package: beamerbaseoptions 2010/04/27 (rcs-revision 982469101dd6)

(/usr/local/texlive/2011/texmf-dist/tex/latex/graphics/keyval.sty
Package: keyval 1999/03/16 v1.13 key=value parser (DPC)
\KV@toks@=\toks14
))
\beamer@paperwidth=\skip42
\beamer@paperheight=\skip43

(/usr/local/texlive/2011/texmf-dist/tex/latex/geometry/geometry.sty
Package: geometry 2010/09/12 v5.6 Page Geometry

(/usr/local/texlive/2011/texmf-dist/tex/generic/oberdiek/ifvtex.sty
Package: ifvtex 2010/03/01 v1.5 Switches for detecting VTeX and its modes (HO)
Package ifvtex Info: VTeX not detected.
)
(/usr/local/texlive/2011/texmf-dist/tex/generic/ifxetex/ifxetex.sty
Package: ifxetex 2010/09/12 v0.6 Provides ifxetex conditional
)
\Gm@cnth=\count102
\Gm@cntv=\count103
\c@Gm@tempcnt=\count104
\Gm@bindingoffset=\dimen119
\Gm@wd@mp=\dimen120
\Gm@odd@mp=\dimen121
\Gm@even@mp=\dimen122
\Gm@layoutwidth=\dimen123
\Gm@layoutheight=\dimen124
\Gm@layouthoffset=\dimen125
\Gm@layoutvoffset=\dimen126
\Gm@dimlist=\toks15
)
(/usr/local/texlive/2011/texmf-dist/tex/latex/base/size11.clo
File: size11.clo 2007/10/19 v1.4h Standard LaTeX file (size option)
)
(/usr/local/texlive/2011/texmf-dist/tex/latex/pgf/basiclayer/pgfcore.sty
(/usr/local/texlive/2011/texmf-dist/tex/latex/graphics/graphicx.sty
Package: graphicx 1999/02/16 v1.0f Enhanced LaTeX Graphics (DPC,SPQR)

(/usr/local/texlive/2011/texmf-dist/tex/latex/graphics/graphics.sty
Package: graphics 2009/02/05 v1.0o Standard LaTeX Graphics (DPC,SPQR)

(/usr/local/texlive/2011/texmf-dist/tex/latex/graphics/trig.sty
Package: trig 1999/03/16 v1.09 sin cos tan (DPC)
)
(/usr/local/texlive/2011/texmf-dist/tex/latex/latexconfig/graphics.cfg
File: graphics.cfg 2010/04/23 v1.9 graphics configuration of TeX Live
)
Package graphics Info: Driver file: pdftex.def on input line 91.

(/usr/local/texlive/2011/texmf-dist/tex/latex/pdftex-def/pdftex.def
File: pdftex.def 2011/05/27 v0.06d Graphics/color for pdfTeX

(/usr/local/texlive/2011/texmf-dist/tex/generic/oberdiek/infwarerr.sty
Package: infwarerr 2010/04/08 v1.3 Providing info/warning/message (HO)
)
(/usr/local/texlive/2011/texmf-dist/tex/generic/oberdiek/ltxcmds.sty
Package: ltxcmds 2011/04/18 v1.20 LaTeX kernel commands for general use (HO)
)
\Gread@gobject=\count105
))
\Gin@req@height=\dimen127
\Gin@req@width=\dimen128
)
(/usr/local/texlive/2011/texmf-dist/tex/latex/pgf/systemlayer/pgfsys.sty
(/usr/local/texlive/2011/texmf-dist/tex/latex/pgf/utilities/pgfrcs.sty
(/usr/local/texlive/2011/texmf-dist/tex/generic/pgf/utilities/pgfutil-common.te
x
\pgfutil@everybye=\toks16
)
(/usr/local/texlive/2011/texmf-dist/tex/generic/pgf/utilities/pgfutil-latex.def
\pgfutil@abb=\box34
(/usr/local/texlive/2011/texmf-dist/tex/latex/ms/everyshi.sty
Package: everyshi 2001/05/15 v3.00 EveryShipout Package (MS)
))
(/usr/local/texlive/2011/texmf-dist/tex/generic/pgf/utilities/pgfrcs.code.tex
Package: pgfrcs 2010/10/25 v2.10 (rcs-revision 1.24)
))
(/usr/local/texlive/2011/texmf-dist/tex/generic/pgf/systemlayer/pgfsys.code.tex
Package: pgfsys 2010/06/30 v2.10 (rcs-revision 1.37)
(/usr/local/texlive/2011/texmf-dist/tex/generic/pgf/utilities/pgfkeys.code.tex
\pgfkeys@pathtoks=\toks17
\pgfkeys@temptoks=\toks18

(/usr/local/texlive/2011/texmf-dist/tex/generic/pgf/utilities/pgfkeysfiltered.c
ode.tex
\pgfkeys@tmptoks=\toks19
))
\pgf@x=\dimen129
\pgf@y=\dimen130
\pgf@xa=\dimen131
\pgf@ya=\dimen132
\pgf@xb=\dimen133
\pgf@yb=\dimen134
\pgf@xc=\dimen135
\pgf@yc=\dimen136
\w@pgf@writea=\write3
\r@pgf@reada=\read1
\c@pgf@counta=\count106
\c@pgf@countb=\count107
\c@pgf@countc=\count108
\c@pgf@countd=\count109

(/usr/local/texlive/2011/texmf-dist/tex/generic/pgf/systemlayer/pgf.cfg
File: pgf.cfg 2008/05/14  (rcs-revision 1.7)
)
Package pgfsys Info: Driver file for pgf: pgfsys-pdftex.def on input line 900.

(/usr/local/texlive/2011/texmf-dist/tex/generic/pgf/systemlayer/pgfsys-pdftex.d
ef
File: pgfsys-pdftex.def 2009/05/22  (rcs-revision 1.26)

(/usr/local/texlive/2011/texmf-dist/tex/generic/pgf/systemlayer/pgfsys-common-p
df.def
File: pgfsys-common-pdf.def 2008/05/19  (rcs-revision 1.10)
)))
(/usr/local/texlive/2011/texmf-dist/tex/generic/pgf/systemlayer/pgfsyssoftpath.
code.tex
File: pgfsyssoftpath.code.tex 2008/07/18  (rcs-revision 1.7)
\pgfsyssoftpath@smallbuffer@items=\count110
\pgfsyssoftpath@bigbuffer@items=\count111
)
(/usr/local/texlive/2011/texmf-dist/tex/generic/pgf/systemlayer/pgfsysprotocol.
code.tex
File: pgfsysprotocol.code.tex 2006/10/16  (rcs-revision 1.4)
)) (/usr/local/texlive/2011/texmf-dist/tex/latex/xcolor/xcolor.sty
Package: xcolor 2007/01/21 v2.11 LaTeX color extensions (UK)

(/usr/local/texlive/2011/texmf-dist/tex/latex/latexconfig/color.cfg
File: color.cfg 2007/01/18 v1.5 color configuration of teTeX/TeXLive
)
Package xcolor Info: Driver file: pdftex.def on input line 225.
Package xcolor Info: Model `cmy' substituted by `cmy0' on input line 1337.
Package xcolor Info: Model `hsb' substituted by `rgb' on input line 1341.
Package xcolor Info: Model `RGB' extended on input line 1353.
Package xcolor Info: Model `HTML' substituted by `rgb' on input line 1355.
Package xcolor Info: Model `Hsb' substituted by `hsb' on input line 1356.
Package xcolor Info: Model `tHsb' substituted by `hsb' on input line 1357.
Package xcolor Info: Model `HSB' substituted by `hsb' on input line 1358.
Package xcolor Info: Model `Gray' substituted by `gray' on input line 1359.
Package xcolor Info: Model `wave' substituted by `hsb' on input line 1360.
)
(/usr/local/texlive/2011/texmf-dist/tex/generic/pgf/basiclayer/pgfcore.code.tex
Package: pgfcore 2010/04/11 v2.10 (rcs-revision 1.7)
(/usr/local/texlive/2011/texmf-dist/tex/generic/pgf/math/pgfmath.code.tex
(/usr/local/texlive/2011/texmf-dist/tex/generic/pgf/math/pgfmathcalc.code.tex
(/usr/local/texlive/2011/texmf-dist/tex/generic/pgf/math/pgfmathutil.code.tex)
(/usr/local/texlive/2011/texmf-dist/tex/generic/pgf/math/pgfmathparser.code.tex
\pgfmath@dimen=\dimen137
\pgfmath@count=\count112
\pgfmath@box=\box35
\pgfmath@toks=\toks20
\pgfmath@stack@operand=\toks21
\pgfmath@stack@operation=\toks22
)
(/usr/local/texlive/2011/texmf-dist/tex/generic/pgf/math/pgfmathfunctions.code.
tex
(/usr/local/texlive/2011/texmf-dist/tex/generic/pgf/math/pgfmathfunctions.basic
.code.tex)
(/usr/local/texlive/2011/texmf-dist/tex/generic/pgf/math/pgfmathfunctions.trigo
nometric.code.tex)
(/usr/local/texlive/2011/texmf-dist/tex/generic/pgf/math/pgfmathfunctions.rando
m.code.tex)
(/usr/local/texlive/2011/texmf-dist/tex/generic/pgf/math/pgfmathfunctions.compa
rison.code.tex)
(/usr/local/texlive/2011/texmf-dist/tex/generic/pgf/math/pgfmathfunctions.base.
code.tex)
(/usr/local/texlive/2011/texmf-dist/tex/generic/pgf/math/pgfmathfunctions.round
.code.tex)
(/usr/local/texlive/2011/texmf-dist/tex/generic/pgf/math/pgfmathfunctions.misc.
code.tex)))
(/usr/local/texlive/2011/texmf-dist/tex/generic/pgf/math/pgfmathfloat.code.tex
\c@pgfmathroundto@lastzeros=\count113
))
(/usr/local/texlive/2011/texmf-dist/tex/generic/pgf/basiclayer/pgfcorepoints.co
de.tex
File: pgfcorepoints.code.tex 2010/04/09  (rcs-revision 1.20)
\pgf@picminx=\dimen138
\pgf@picmaxx=\dimen139
\pgf@picminy=\dimen140
\pgf@picmaxy=\dimen141
\pgf@pathminx=\dimen142
\pgf@pathmaxx=\dimen143
\pgf@pathminy=\dimen144
\pgf@pathmaxy=\dimen145
\pgf@xx=\dimen146
\pgf@xy=\dimen147
\pgf@yx=\dimen148
\pgf@yy=\dimen149
\pgf@zx=\dimen150
\pgf@zy=\dimen151
)
(/usr/local/texlive/2011/texmf-dist/tex/generic/pgf/basiclayer/pgfcorepathconst
ruct.code.tex
File: pgfcorepathconstruct.code.tex 2010/08/03  (rcs-revision 1.24)
\pgf@path@lastx=\dimen152
\pgf@path@lasty=\dimen153
)
(/usr/local/texlive/2011/texmf-dist/tex/generic/pgf/basiclayer/pgfcorepathusage
.code.tex
File: pgfcorepathusage.code.tex 2008/04/22  (rcs-revision 1.12)
\pgf@shorten@end@additional=\dimen154
\pgf@shorten@start@additional=\dimen155
)
(/usr/local/texlive/2011/texmf-dist/tex/generic/pgf/basiclayer/pgfcorescopes.co
de.tex
File: pgfcorescopes.code.tex 2010/09/08  (rcs-revision 1.34)
\pgfpic=\box36
\pgf@hbox=\box37
\pgf@layerbox@main=\box38
\pgf@picture@serial@count=\count114
)
(/usr/local/texlive/2011/texmf-dist/tex/generic/pgf/basiclayer/pgfcoregraphicst
ate.code.tex
File: pgfcoregraphicstate.code.tex 2008/04/22  (rcs-revision 1.9)
\pgflinewidth=\dimen156
)
(/usr/local/texlive/2011/texmf-dist/tex/generic/pgf/basiclayer/pgfcoretransform
ations.code.tex
File: pgfcoretransformations.code.tex 2009/06/10  (rcs-revision 1.11)
\pgf@pt@x=\dimen157
\pgf@pt@y=\dimen158
\pgf@pt@temp=\dimen159
)
(/usr/local/texlive/2011/texmf-dist/tex/generic/pgf/basiclayer/pgfcorequick.cod
e.tex
File: pgfcorequick.code.tex 2008/10/09  (rcs-revision 1.3)
)
(/usr/local/texlive/2011/texmf-dist/tex/generic/pgf/basiclayer/pgfcoreobjects.c
ode.tex
File: pgfcoreobjects.code.tex 2006/10/11  (rcs-revision 1.2)
)
(/usr/local/texlive/2011/texmf-dist/tex/generic/pgf/basiclayer/pgfcorepathproce
ssing.code.tex
File: pgfcorepathprocessing.code.tex 2008/10/09  (rcs-revision 1.8)
)
(/usr/local/texlive/2011/texmf-dist/tex/generic/pgf/basiclayer/pgfcorearrows.co
de.tex
File: pgfcorearrows.code.tex 2008/04/23  (rcs-revision 1.11)
)
(/usr/local/texlive/2011/texmf-dist/tex/generic/pgf/basiclayer/pgfcoreshade.cod
e.tex
File: pgfcoreshade.code.tex 2008/11/23  (rcs-revision 1.13)
\pgf@max=\dimen160
\pgf@sys@shading@range@num=\count115
)
(/usr/local/texlive/2011/texmf-dist/tex/generic/pgf/basiclayer/pgfcoreimage.cod
e.tex
File: pgfcoreimage.code.tex 2010/03/25  (rcs-revision 1.16)

(/usr/local/texlive/2011/texmf-dist/tex/generic/pgf/basiclayer/pgfcoreexternal.
code.tex
File: pgfcoreexternal.code.tex 2010/09/01  (rcs-revision 1.17)
\pgfexternal@startupbox=\box39
))
(/usr/local/texlive/2011/texmf-dist/tex/generic/pgf/basiclayer/pgfcorelayers.co
de.tex
File: pgfcorelayers.code.tex 2010/08/27  (rcs-revision 1.2)
)
(/usr/local/texlive/2011/texmf-dist/tex/generic/pgf/basiclayer/pgfcoretranspare
ncy.code.tex
File: pgfcoretransparency.code.tex 2008/01/17  (rcs-revision 1.2)
)
(/usr/local/texlive/2011/texmf-dist/tex/generic/pgf/basiclayer/pgfcorepatterns.
code.tex
File: pgfcorepatterns.code.tex 2009/07/02  (rcs-revision 1.3)
)))
(/usr/local/texlive/2011/texmf-dist/tex/latex/pgf/utilities/xxcolor.sty
Package: xxcolor 2003/10/24 ver 0.1
\XC@nummixins=\count116
\XC@countmixins=\count117
)
(/usr/local/texlive/2011/texmf-dist/tex/latex/hyperref/hyperref.sty
Package: hyperref 2011/12/04 v6.82m Hypertext links for LaTeX

(/usr/local/texlive/2011/texmf-dist/tex/generic/oberdiek/hobsub-hyperref.sty
Package: hobsub-hyperref 2011/04/23 v1.4 Bundle oberdiek, subset hyperref (HO)

(/usr/local/texlive/2011/texmf-dist/tex/generic/oberdiek/hobsub-generic.sty
Package: hobsub-generic 2011/04/23 v1.4 Bundle oberdiek, subset generic (HO)
Package: hobsub 2011/04/23 v1.4 Subsetting bundle oberdiek (HO)
Package hobsub Info: Skipping package `infwarerr' (already loaded).
Package hobsub Info: Skipping package `ltxcmds' (already loaded).
Package: ifluatex 2010/03/01 v1.3 Provides the ifluatex switch (HO)
Package ifluatex Info: LuaTeX not detected.
Package hobsub Info: Skipping package `ifvtex' (already loaded).
Package: intcalc 2007/09/27 v1.1 Expandable integer calculations (HO)
Package hobsub Info: Skipping package `ifpdf' (already loaded).
Package: etexcmds 2011/02/16 v1.5 Prefix for e-TeX command names (HO)
Package etexcmds Info: Could not find \expanded.
(etexcmds)             That can mean that you are not using pdfTeX 1.50 or
(etexcmds)             that some package has redefined \expanded.
(etexcmds)             In the latter case, load this package earlier.
Package: kvsetkeys 2011/04/07 v1.13 Key value parser (HO)
Package: kvdefinekeys 2011/04/07 v1.3 Defining keys (HO)
Package: pdftexcmds 2011/04/22 v0.16 Utilities of pdfTeX for LuaTeX (HO)
Package pdftexcmds Info: LuaTeX not detected.
Package pdftexcmds Info: \pdf@primitive is available.
Package pdftexcmds Info: \pdf@ifprimitive is available.
Package pdftexcmds Info: \pdfdraftmode found.
Package: pdfescape 2011/04/04 v1.12 Provides string conversions (HO)
Package: bigintcalc 2011/01/30 v1.2 Expandable big integer calculations (HO)
Package: bitset 2011/01/30 v1.1 Data type bit set (HO)
Package: uniquecounter 2011/01/30 v1.2 Provides unlimited unique counter (HO)
)
Package hobsub Info: Skipping package `hobsub' (already loaded).
Package: letltxmacro 2010/09/02 v1.4 Let assignment for LaTeX macros (HO)
Package: hopatch 2011/01/30 v1.0 Wrapper for package hooks (HO)
Package: xcolor-patch 2011/01/30 xcolor patch
Package: atveryend 2011/04/23 v1.7 Hooks at very end of document (HO)
Package: atbegshi 2011/01/30 v1.15 At begin shipout hook (HO)
Package: refcount 2010/12/01 v3.2 Data extraction from references (HO)
Package: hycolor 2011/01/30 v1.7 Color options of hyperref/bookmark (HO)
)
(/usr/local/texlive/2011/texmf-dist/tex/latex/oberdiek/kvoptions.sty
Package: kvoptions 2010/12/23 v3.10 Keyval support for LaTeX options (HO)
)
\@linkdim=\dimen161
\Hy@linkcounter=\count118
\Hy@pagecounter=\count119

(/usr/local/texlive/2011/texmf-dist/tex/latex/hyperref/pd1enc.def
File: pd1enc.def 2011/12/04 v6.82m Hyperref: PDFDocEncoding definition (HO)
)
\Hy@SavedSpaceFactor=\count120

(/usr/local/texlive/2011/texmf-dist/tex/latex/latexconfig/hyperref.cfg
File: hyperref.cfg 2002/06/06 v1.2 hyperref configuration of TeXLive
)
Package hyperref Info: Option `bookmarks' set `true' on input line 3925.
Package hyperref Info: Option `bookmarksopen' set `true' on input line 3925.
Package hyperref Info: Option `implicit' set `false' on input line 3925.
Package hyperref Info: Hyper figures OFF on input line 4046.
Package hyperref Info: Link nesting OFF on input line 4051.
Package hyperref Info: Hyper index ON on input line 4054.
Package hyperref Info: Plain pages OFF on input line 4061.
Package hyperref Info: Backreferencing OFF on input line 4066.
Package hyperref Info: Implicit mode OFF; no redefinition of LaTeX internals.
Package hyperref Info: Bookmarks ON on input line 4284.
\c@Hy@tempcnt=\count121

(/usr/local/texlive/2011/texmf-dist/tex/latex/url/url.sty
\Urlmuskip=\muskip10
Package: url 2006/04/12  ver 3.3  Verb mode for urls, etc.
)
LaTeX Info: Redefining \url on input line 4637.
\Fld@menulength=\count122
\Field@Width=\dimen162
\Fld@charsize=\dimen163
Package hyperref Info: Hyper figures OFF on input line 5757.
Package hyperref Info: Link nesting OFF on input line 5762.
Package hyperref Info: Hyper index ON on input line 5765.
Package hyperref Info: backreferencing OFF on input line 5772.
Package hyperref Info: Link coloring OFF on input line 5777.
Package hyperref Info: Link coloring with OCG OFF on input line 5782.
Package hyperref Info: PDF/A mode OFF on input line 5787.
LaTeX Info: Redefining \ref on input line 5827.
LaTeX Info: Redefining \pageref on input line 5831.
\Hy@abspage=\count123


Package hyperref Message: Stopped early.

)

Package hyperref Message: Driver (autodetected): hpdftex.

(/usr/local/texlive/2011/texmf-dist/tex/latex/hyperref/hpdftex.def
File: hpdftex.def 2011/12/04 v6.82m Hyperref driver for pdfTeX
\Fld@listcount=\count124
\c@bookmark@seq@number=\count125

(/usr/local/texlive/2011/texmf-dist/tex/latex/oberdiek/rerunfilecheck.sty
Package: rerunfilecheck 2011/04/15 v1.7 Rerun checks for auxiliary files (HO)
Package uniquecounter Info: New unique counter `rerunfilecheck' on input line 2
82.
))
(/usr/local/texlive/2011/texmf-dist/tex/latex/beamer/beamerbaserequires.sty
Package: beamerbaserequires 2010/05/01  (rcs-revision efa082c6111d)

(/usr/local/texlive/2011/texmf-dist/tex/latex/beamer/beamerbasecompatibility.st
y
Package: beamerbasecompatibility 2010/07/12  (rcs-revision 6648c3177e4e)
) (/usr/local/texlive/2011/texmf-dist/tex/latex/beamer/beamerbasefont.sty
Package: beamerbasefont 2010/10/26  (rcs-revision f39336aafb3c)

(/usr/local/texlive/2011/texmf-dist/tex/latex/amsfonts/amssymb.sty
Package: amssymb 2009/06/22 v3.00

(/usr/local/texlive/2011/texmf-dist/tex/latex/amsfonts/amsfonts.sty
Package: amsfonts 2009/06/22 v3.00 Basic AMSFonts support
\@emptytoks=\toks23
\symAMSa=\mathgroup4
\symAMSb=\mathgroup5
LaTeX Font Info:    Overwriting math alphabet `\mathfrak' in version `bold'
(Font)                  U/euf/m/n --> U/euf/b/n on input line 96.
)))
(/usr/local/texlive/2011/texmf-dist/tex/latex/beamer/beamerbasetranslator.sty
Package: beamerbasetranslator 2010/06/11  (rcs-revision 85fd1cc7fc42)

(/usr/local/texlive/2011/texmf-dist/tex/latex/beamer/translator/translator.sty
Package: translator 2010/06/12 ver 1.10

(/usr/local/texlive/2011/texmf-dist/tex/latex/beamer/translator/translator-lang
uage-mappings.tex)))
(/usr/local/texlive/2011/texmf-dist/tex/latex/beamer/beamerbasemisc.sty
Package: beamerbasemisc 2010/06/06  (rcs-revision bff0a9294b45)
)
(/usr/local/texlive/2011/texmf-dist/tex/latex/beamer/beamerbasetwoscreens.sty
Package: beamerbasetwoscreens 2010/05/01  (rcs-revision efa082c6111d)
)
(/usr/local/texlive/2011/texmf-dist/tex/latex/beamer/beamerbaseoverlay.sty
Package: beamerbaseoverlay 2011/09/12  (rcs-revision 70f9d8411e54)
\beamer@argscount=\count126
\beamer@lastskipcover=\skip44
\beamer@trivlistdepth=\count127
)
(/usr/local/texlive/2011/texmf-dist/tex/latex/beamer/beamerbasetitle.sty
Package: beamerbasetitle 2010/09/21  (rcs-revision f0446ed0b6ae)
)
(/usr/local/texlive/2011/texmf-dist/tex/latex/beamer/beamerbasesection.sty
Package: beamerbasesection 2010/08/29  (rcs-revision e07e85b4cd4a)
\c@lecture=\count128
\c@part=\count129
\c@section=\count130
\c@subsection=\count131
\c@subsubsection=\count132
)
(/usr/local/texlive/2011/texmf-dist/tex/latex/beamer/beamerbaseframe.sty
Package: beamerbaseframe 2011/09/12  (rcs-revision 70f9d8411e54)
\beamer@framebox=\box40
\beamer@frametitlebox=\box41
\beamer@zoombox=\box42
\beamer@zoomcount=\count133
\beamer@zoomframecount=\count134
\beamer@frametextheight=\dimen164
\c@subsectionslide=\count135
\beamer@frametopskip=\skip45
\beamer@framebottomskip=\skip46
\beamer@frametopskipautobreak=\skip47
\beamer@framebottomskipautobreak=\skip48
\beamer@envbody=\toks24
\c@framenumber=\count136
)
(/usr/local/texlive/2011/texmf-dist/tex/latex/beamer/beamerbaseverbatim.sty
Package: beamerbaseverbatim 2011/09/12  (rcs-revision 70f9d8411e54)
\beamer@verbatimfileout=\write4
)
(/usr/local/texlive/2011/texmf-dist/tex/latex/beamer/beamerbaseframesize.sty
Package: beamerbaseframesize 2011/09/12  (rcs-revision 70f9d8411e54)
\beamer@splitbox=\box43
\beamer@autobreakcount=\count137
\beamer@autobreaklastheight=\dimen165
\beamer@frametitletoks=\toks25
\beamer@framesubtitletoks=\toks26
)
(/usr/local/texlive/2011/texmf-dist/tex/latex/beamer/beamerbaseframecomponents.
sty
Package: beamerbaseframecomponents 2011/09/12  (rcs-revision 70f9d8411e54)
\beamer@footins=\box44
) (/usr/local/texlive/2011/texmf-dist/tex/latex/beamer/beamerbasecolor.sty
Package: beamerbasecolor 2010/06/06  (rcs-revision d1a9b48be06d)
)
(/usr/local/texlive/2011/texmf-dist/tex/latex/beamer/beamerbasenotes.sty
Package: beamerbasenotes 2010/05/01  (rcs-revision efa082c6111d)
\beamer@frameboxcopy=\box45
)
(/usr/local/texlive/2011/texmf-dist/tex/latex/beamer/beamerbasetoc.sty
Package: beamerbasetoc 2010/06/11  (rcs-revision 242ecaa6783b)
)
(/usr/local/texlive/2011/texmf-dist/tex/latex/beamer/beamerbasetemplates.sty
Package: beamerbasetemplates 2010/05/01  (rcs-revision efa082c6111d)
\beamer@sbttoks=\toks27

(/usr/local/texlive/2011/texmf-dist/tex/latex/beamer/beamerbaseauxtemplates.sty
Package: beamerbaseauxtemplates 2010/05/01  (rcs-revision efa082c6111d)
(/usr/local/texlive/2011/texmf-dist/tex/latex/beamer/beamerbaseboxes.sty
Package: beamerbaseboxes 2010/05/01  (rcs-revision efa082c6111d)
\bmb@box=\box46
\bmb@colorbox=\box47
\bmb@boxshadow=\box48
\bmb@boxshadowball=\box49
\bmb@boxshadowballlarge=\box50
\bmb@temp=\dimen166
\bmb@dima=\dimen167
\bmb@dimb=\dimen168
\bmb@prevheight=\dimen169
)
\beamer@blockheadheight=\dimen170
))
(/usr/local/texlive/2011/texmf-dist/tex/latex/beamer/beamerbaselocalstructure.s
ty
Package: beamerbaselocalstructure 2010/09/19  (rcs-revision 9224c5f3ce70)
 (/usr/local/texlive/2011/texmf-dist/tex/latex/tools/enumerate.sty
Package: enumerate 1999/03/05 v3.00 enumerate extensions (DPC)
\@enLab=\toks28
)
\c@figure=\count138
\c@table=\count139
\abovecaptionskip=\skip49
\belowcaptionskip=\skip50
)
(/usr/local/texlive/2011/texmf-dist/tex/latex/beamer/beamerbasenavigation.sty
Package: beamerbasenavigation 2010/05/01  (rcs-revision efa082c6111d)
)
(/usr/local/texlive/2011/texmf-dist/tex/latex/beamer/beamerbasetheorems.sty
Package: beamerbasetheorems 2010/06/06  (rcs-revision 7e7cc5e53e9d)

(/usr/local/texlive/2011/texmf-dist/tex/latex/amsmath/amsmath.sty
Package: amsmath 2000/07/18 v2.13 AMS math features
\@mathmargin=\skip51

For additional information on amsmath, use the `?' option.
(/usr/local/texlive/2011/texmf-dist/tex/latex/amsmath/amstext.sty
Package: amstext 2000/06/29 v2.01

(/usr/local/texlive/2011/texmf-dist/tex/latex/amsmath/amsgen.sty
File: amsgen.sty 1999/11/30 v2.0
\@emptytoks=\toks29
\ex@=\dimen171
))
(/usr/local/texlive/2011/texmf-dist/tex/latex/amsmath/amsbsy.sty
Package: amsbsy 1999/11/29 v1.2d
\pmbraise@=\dimen172
)
(/usr/local/texlive/2011/texmf-dist/tex/latex/amsmath/amsopn.sty
Package: amsopn 1999/12/14 v2.01 operator names
)
\inf@bad=\count140
LaTeX Info: Redefining \frac on input line 211.
\uproot@=\count141
\leftroot@=\count142
LaTeX Info: Redefining \overline on input line 307.
\classnum@=\count143
\DOTSCASE@=\count144
LaTeX Info: Redefining \ldots on input line 379.
LaTeX Info: Redefining \dots on input line 382.
LaTeX Info: Redefining \cdots on input line 467.
\Mathstrutbox@=\box51
\strutbox@=\box52
\big@size=\dimen173
LaTeX Font Info:    Redeclaring font encoding OML on input line 567.
LaTeX Font Info:    Redeclaring font encoding OMS on input line 568.
\macc@depth=\count145
\c@MaxMatrixCols=\count146
\dotsspace@=\muskip11
\c@parentequation=\count147
\dspbrk@lvl=\count148
\tag@help=\toks30
\row@=\count149
\column@=\count150
\maxfields@=\count151
\andhelp@=\toks31
\eqnshift@=\dimen174
\alignsep@=\dimen175
\tagshift@=\dimen176
\tagwidth@=\dimen177
\totwidth@=\dimen178
\lineht@=\dimen179
\@envbody=\toks32
\multlinegap=\skip52
\multlinetaggap=\skip53
\mathdisplay@stack=\toks33
LaTeX Info: Redefining \[ on input line 2666.
LaTeX Info: Redefining \] on input line 2667.
)
(/usr/local/texlive/2011/texmf-dist/tex/latex/amscls/amsthm.sty
Package: amsthm 2009/07/02 v2.20.1
\thm@style=\toks34
\thm@bodyfont=\toks35
\thm@headfont=\toks36
\thm@notefont=\toks37
\thm@headpunct=\toks38
\thm@preskip=\skip54
\thm@postskip=\skip55
\thm@headsep=\skip56
\dth@everypar=\toks39
)
\c@theorem=\count152
)
(/usr/local/texlive/2011/texmf-dist/tex/latex/beamer/beamerbasethemes.sty
Package: beamerbasethemes 2010/05/01  (rcs-revision efa082c6111d)
))
(/usr/local/texlive/2011/texmf-dist/tex/latex/beamer/themes/theme/beamerthemede
fault.sty
Package: beamerthemedefault 2010/06/17  (rcs-revision d02a7cf4d8ae)

(/usr/local/texlive/2011/texmf-dist/tex/latex/beamer/themes/font/beamerfontthem
edefault.sty
Package: beamerfontthemedefault 2010/06/17  (rcs-revision d02a7cf4d8ae)
)
(/usr/local/texlive/2011/texmf-dist/tex/latex/beamer/themes/color/beamercolorth
emedefault.sty
Package: beamercolorthemedefault 2010/06/17  (rcs-revision d02a7cf4d8ae)
)
(/usr/local/texlive/2011/texmf-dist/tex/latex/beamer/themes/inner/beamerinnerth
emedefault.sty
Package: beamerinnerthemedefault 2010/06/17  (rcs-revision d02a7cf4d8ae)
\beamer@dima=\dimen180
\beamer@dimb=\dimen181
)
(/usr/local/texlive/2011/texmf-dist/tex/latex/beamer/themes/outer/beamerouterth
emedefault.sty
Package: beamerouterthemedefault 2010/06/17  (rcs-revision d02a7cf4d8ae)
)))
(/usr/local/texlive/2011/texmf-dist/tex/latex/jknapltx/mathrsfs.sty
Package: mathrsfs 1996/01/01 Math RSFS package v1.0 (jk)
\symrsfs=\mathgroup6
)
(/usr/local/texlive/2011/texmf-dist/tex/latex/yhmath/yhmath.sty
Package: yhmath 
LaTeX Font Info:    Redeclaring symbol font `largesymbols' on input line 12.
LaTeX Font Info:    Overwriting symbol font `largesymbols' in version `normal'
(Font)                  OMX/cmex/m/n --> OMX/yhex/m/n on input line 12.
LaTeX Font Info:    Overwriting symbol font `largesymbols' in version `bold'
(Font)                  OMX/cmex/m/n --> OMX/yhex/m/n on input line 12.
LaTeX Font Info:    Redeclaring math accent \widetilde on input line 13.
LaTeX Font Info:    Redeclaring math accent \widehat on input line 14.
)
(/usr/local/texlive/2011/texmf-dist/tex/generic/babel/babel.sty
Package: babel 2008/07/08 v3.8m The Babel package

(/usr/local/texlive/2011/texmf-dist/tex/generic/babel/english.ldf
Language: english 2005/03/30 v3.3o English support from the babel system

(/usr/local/texlive/2011/texmf-dist/tex/generic/babel/babel.def
File: babel.def 2008/07/08 v3.8m Babel common definitions
LaTeX Info: Redefining \textlatin on input line 82.
\babel@savecnt=\count153
\U@D=\dimen182
)
\l@canadian = a dialect from \language\l@american 
\l@australian = a dialect from \language\l@british 
\l@newzealand = a dialect from \language\l@british 
))
(/usr/local/texlive/2011/texmf-dist/tex/latex/base/inputenc.sty
Package: inputenc 2008/03/30 v1.1d Input encoding file
\inpenc@prehook=\toks40
\inpenc@posthook=\toks41

(/usr/local/texlive/2011/texmf-dist/tex/latex/base/latin1.def
File: latin1.def 2008/03/30 v1.1d Input encoding file
))
(/usr/local/texlive/2011/texmf-dist/tex/latex/base/fontenc.sty
Package: fontenc 2005/09/27 v1.99g Standard LaTeX package

(/usr/local/texlive/2011/texmf-dist/tex/latex/ly1/ly1enc.def
File: ly1enc.def 2009/07/22 v0.7 TeX 'n ANSI encoding (DPC/KB)
)
LaTeX Font Info:    Try loading font information for LY1+ptm on input line 100.


(/usr/local/texlive/2011/texmf-dist/tex/latex/ly1/ly1ptm.fd
File: ly1ptm.fd 2001/02/01 font definitions for LY1/ptm using Berry names.
))
(/usr/local/texlive/2011/../texmf-local/tex/latex/lucidabr/lucidabr.sty
Package: lucidabr 2005/11/29 v4.3 Lucida Bright + Lucida New Math + Lucida Expe
rt (SPQR/DPC/TUG)
LaTeX Font Info:    Redeclaring symbol font `letters' on input line 131.
LaTeX Font Info:    Overwriting symbol font `letters' in version `normal'
(Font)                  OML/cmm/m/it --> OML/hlcm/m/it on input line 131.
LaTeX Font Info:    Overwriting symbol font `letters' in version `bold'
(Font)                  OML/cmm/b/it --> OML/hlcm/m/it on input line 131.
LaTeX Font Info:    Redeclaring symbol font `symbols' on input line 135.
LaTeX Font Info:    Overwriting symbol font `symbols' in version `normal'
(Font)                  OMS/cmsy/m/n --> OMS/hlcy/m/n on input line 135.
LaTeX Font Info:    Overwriting symbol font `symbols' in version `bold'
(Font)                  OMS/cmsy/b/n --> OMS/hlcy/m/n on input line 135.
LaTeX Font Info:    Redeclaring symbol font `largesymbols' on input line 136.
LaTeX Font Info:    Overwriting symbol font `largesymbols' in version `normal'
(Font)                  OMX/yhex/m/n --> OMX/hlcv/m/n on input line 136.
LaTeX Font Info:    Overwriting symbol font `largesymbols' in version `bold'
(Font)                  OMX/yhex/m/n --> OMX/hlcv/m/n on input line 136.
\symarrows=\mathgroup7
LaTeX Font Info:    Redeclaring symbol font `operators' on input line 146.
LaTeX Font Info:    Encoding `OT1' has changed to `LY1' for symbol font
(Font)              `operators' in the math version `normal' on input line 146.

LaTeX Font Info:    Overwriting symbol font `operators' in version `normal'
(Font)                  OT1/cmr/m/n --> LY1/hlh/m/n on input line 146.
LaTeX Font Info:    Encoding `OT1' has changed to `LY1' for symbol font
(Font)              `operators' in the math version `bold' on input line 146.
LaTeX Font Info:    Overwriting symbol font `operators' in version `bold'
(Font)                  OT1/cmr/bx/n --> LY1/hlh/m/n on input line 146.
LaTeX Font Info:    Overwriting symbol font `operators' in version `bold'
(Font)                  LY1/hlh/m/n --> LY1/hlh/b/n on input line 147.
LaTeX Font Info:    Overwriting symbol font `operators' in version `normal'
(Font)                  LY1/hlh/m/n --> LY1/hlh/m/n on input line 148.
LaTeX Font Info:    Redeclaring math alphabet \mathbf on input line 149.
LaTeX Font Info:    Overwriting math alphabet `\mathbf' in version `normal'
(Font)                  OT1/cmr/bx/n --> LY1/hlh/b/n on input line 149.
LaTeX Font Info:    Overwriting math alphabet `\mathbf' in version `bold'
(Font)                  OT1/cmr/bx/n --> LY1/hlh/b/n on input line 149.
LaTeX Font Info:    Redeclaring math alphabet \mathrm on input line 150.
LaTeX Font Info:    Redeclaring math alphabet \mathsf on input line 151.
LaTeX Font Info:    Overwriting math alphabet `\mathsf' in version `normal'
(Font)                  OT1/cmss/m/n --> LY1/hls/m/n on input line 151.
LaTeX Font Info:    Overwriting math alphabet `\mathsf' in version `bold'
(Font)                  OT1/cmss/bx/n --> LY1/hls/m/n on input line 151.
LaTeX Font Info:    Redeclaring math alphabet \mathit on input line 152.
LaTeX Font Info:    Overwriting math alphabet `\mathit' in version `normal'
(Font)                  OT1/cmr/m/it --> LY1/hlh/m/it on input line 152.
LaTeX Font Info:    Overwriting math alphabet `\mathit' in version `bold'
(Font)                  OT1/cmr/bx/it --> LY1/hlh/m/it on input line 152.
LaTeX Font Info:    Redeclaring math alphabet \mathtt on input line 153.
LaTeX Font Info:    Overwriting math alphabet `\mathtt' in version `normal'
(Font)                  OT1/cmtt/m/n --> LY1/hlst/m/n on input line 153.
LaTeX Font Info:    Overwriting math alphabet `\mathtt' in version `bold'
(Font)                  OT1/cmtt/m/n --> LY1/hlst/m/n on input line 153.
LaTeX Font Info:    Redeclaring math alphabet \mathfrak on input line 154.
LaTeX Font Info:    Overwriting math alphabet `\mathfrak' in version `normal'
(Font)                  U/euf/m/n --> LY1/hlcf/m/n on input line 154.
LaTeX Font Info:    Overwriting math alphabet `\mathfrak' in version `bold'
(Font)                  U/euf/b/n --> LY1/hlcf/m/n on input line 154.
LaTeX Font Info:    Overwriting math alphabet `\mathbf' in version `bold'
(Font)                  LY1/hlh/b/n --> LY1/hlh/b/n on input line 155.
LaTeX Font Info:    Overwriting math alphabet `\mathsf' in version `bold'
(Font)                  LY1/hls/m/n --> LY1/hls/b/n on input line 156.
LaTeX Font Info:    Overwriting math alphabet `\mathrm' in version `bold'
(Font)                  LY1/hlh/m/n --> LY1/hlh/b/n on input line 157.
LaTeX Font Info:    Overwriting math alphabet `\mathit' in version `bold'
(Font)                  LY1/hlh/m/it --> LY1/hlh/b/it on input line 158.
LaTeX Font Info:    Overwriting math alphabet `\mathtt' in version `bold'
(Font)                  LY1/hlst/m/n --> LY1/hlst/b/n on input line 159.
LaTeX Font Info:    Redeclaring math accent \vec on input line 165.
LaTeX Font Info:    Redeclaring math accent \acute on input line 215.
LaTeX Font Info:    Redeclaring math accent \grave on input line 216.
LaTeX Font Info:    Redeclaring math accent \ddot on input line 217.
LaTeX Font Info:    Redeclaring math accent \tilde on input line 218.
LaTeX Font Info:    Redeclaring math accent \bar on input line 219.
LaTeX Font Info:    Redeclaring math accent \breve on input line 220.
LaTeX Font Info:    Redeclaring math accent \check on input line 221.
LaTeX Font Info:    Redeclaring math accent \hat on input line 222.
LaTeX Font Info:    Redeclaring math accent \vec on input line 223.
LaTeX Font Info:    Redeclaring math accent \dot on input line 224.
LaTeX Font Info:    Redeclaring math symbol \leftrightharpoons on input line 32
4.
LaTeX Font Info:    Redeclaring math symbol \Gamma on input line 376.
LaTeX Font Info:    Redeclaring math symbol \Delta on input line 377.
LaTeX Font Info:    Redeclaring math symbol \Theta on input line 378.
LaTeX Font Info:    Redeclaring math symbol \Lambda on input line 379.
LaTeX Font Info:    Redeclaring math symbol \Xi on input line 380.
LaTeX Font Info:    Redeclaring math symbol \Pi on input line 381.
LaTeX Font Info:    Redeclaring math symbol \Sigma on input line 382.
LaTeX Font Info:    Redeclaring math symbol \Upsilon on input line 383.
LaTeX Font Info:    Redeclaring math symbol \Phi on input line 384.
LaTeX Font Info:    Redeclaring math symbol \Psi on input line 385.
LaTeX Font Info:    Redeclaring math symbol \Omega on input line 386.
LaTeX Font Info:    Redeclaring math symbol \alpha on input line 388.
LaTeX Font Info:    Redeclaring math symbol \beta on input line 389.
LaTeX Font Info:    Redeclaring math symbol \gamma on input line 390.
LaTeX Font Info:    Redeclaring math symbol \delta on input line 391.
LaTeX Font Info:    Redeclaring math symbol \epsilon on input line 392.
LaTeX Font Info:    Redeclaring math symbol \zeta on input line 393.
LaTeX Font Info:    Redeclaring math symbol \eta on input line 394.
LaTeX Font Info:    Redeclaring math symbol \theta on input line 395.
LaTeX Font Info:    Redeclaring math symbol \iota on input line 396.
LaTeX Font Info:    Redeclaring math symbol \kappa on input line 397.
LaTeX Font Info:    Redeclaring math symbol \lambda on input line 398.
LaTeX Font Info:    Redeclaring math symbol \mu on input line 399.
LaTeX Font Info:    Redeclaring math symbol \nu on input line 400.
LaTeX Font Info:    Redeclaring math symbol \xi on input line 401.
LaTeX Font Info:    Redeclaring math symbol \pi on input line 402.
LaTeX Font Info:    Redeclaring math symbol \rho on input line 403.
LaTeX Font Info:    Redeclaring math symbol \sigma on input line 404.
LaTeX Font Info:    Redeclaring math symbol \tau on input line 405.
LaTeX Font Info:    Redeclaring math symbol \upsilon on input line 406.
LaTeX Font Info:    Redeclaring math symbol \phi on input line 407.
LaTeX Font Info:    Redeclaring math symbol \chi on input line 408.
LaTeX Font Info:    Redeclaring math symbol \psi on input line 409.
LaTeX Font Info:    Redeclaring math symbol \omega on input line 410.
LaTeX Font Info:    Redeclaring math symbol \varepsilon on input line 411.
LaTeX Font Info:    Redeclaring math symbol \vartheta on input line 412.
LaTeX Font Info:    Redeclaring math symbol \varpi on input line 413.
LaTeX Font Info:    Redeclaring math symbol \varrho on input line 414.
LaTeX Font Info:    Redeclaring math symbol \varsigma on input line 415.
LaTeX Font Info:    Redeclaring math symbol \varphi on input line 416.
LaTeX Font Info:    Redeclaring math symbol \boxdot on input line 457.
LaTeX Font Info:    Redeclaring math symbol \boxplus on input line 458.
LaTeX Font Info:    Redeclaring math symbol \boxtimes on input line 459.
LaTeX Font Info:    Redeclaring math symbol \square on input line 460.
LaTeX Font Info:    Redeclaring math symbol \blacksquare on input line 461.
LaTeX Font Info:    Redeclaring math symbol \centerdot on input line 462.
LaTeX Font Info:    Redeclaring math symbol \lozenge on input line 463.
LaTeX Font Info:    Redeclaring math symbol \blacklozenge on input line 464.
LaTeX Font Info:    Redeclaring math symbol \circlearrowright on input line 465
.
LaTeX Font Info:    Redeclaring math symbol \circlearrowleft on input line 466.

LaTeX Font Info:    Redeclaring math symbol \rightleftharpoons on input line 46
7.
LaTeX Font Info:    Redeclaring math symbol \leftrightharpoons on input line 46
8.
LaTeX Font Info:    Redeclaring math symbol \boxminus on input line 469.
LaTeX Font Info:    Redeclaring math symbol \Vdash on input line 470.
LaTeX Font Info:    Redeclaring math symbol \Vvdash on input line 471.
LaTeX Font Info:    Redeclaring math symbol \vDash on input line 472.
LaTeX Font Info:    Redeclaring math symbol \twoheadrightarrow on input line 47
3.
LaTeX Font Info:    Redeclaring math symbol \twoheadleftarrow on input line 474
.
LaTeX Font Info:    Redeclaring math symbol \leftleftarrows on input line 475.
LaTeX Font Info:    Redeclaring math symbol \rightrightarrows on input line 476
.
LaTeX Font Info:    Redeclaring math symbol \upuparrows on input line 477.
LaTeX Font Info:    Redeclaring math symbol \downdownarrows on input line 478.
LaTeX Font Info:    Redeclaring math symbol \upharpoonright on input line 479.
LaTeX Font Info:    Redeclaring math symbol \downharpoonright on input line 480
.
LaTeX Font Info:    Redeclaring math symbol \upharpoonleft on input line 481.
LaTeX Font Info:    Redeclaring math symbol \downharpoonleft on input line 482.

LaTeX Font Info:    Redeclaring math symbol \rightarrowtail on input line 483.
LaTeX Font Info:    Redeclaring math symbol \leftarrowtail on input line 484.
LaTeX Font Info:    Redeclaring math symbol \leftrightarrows on input line 485.

LaTeX Font Info:    Redeclaring math symbol \rightleftarrows on input line 486.

LaTeX Font Info:    Redeclaring math symbol \Lsh on input line 487.
LaTeX Font Info:    Redeclaring math symbol \Rsh on input line 488.
LaTeX Font Info:    Redeclaring math symbol \rightsquigarrow on input line 489.

LaTeX Font Info:    Redeclaring math symbol \leftrightsquigarrow on input line 
491.
LaTeX Font Info:    Redeclaring math symbol \looparrowleft on input line 492.
LaTeX Font Info:    Redeclaring math symbol \looparrowright on input line 493.
LaTeX Font Info:    Redeclaring math symbol \circeq on input line 494.
LaTeX Font Info:    Redeclaring math symbol \succsim on input line 495.
LaTeX Font Info:    Redeclaring math symbol \gtrsim on input line 496.
LaTeX Font Info:    Redeclaring math symbol \gtrapprox on input line 497.
LaTeX Font Info:    Redeclaring math symbol \multimap on input line 498.
LaTeX Font Info:    Redeclaring math symbol \therefore on input line 501.
LaTeX Font Info:    Redeclaring math symbol \because on input line 502.
LaTeX Font Info:    Redeclaring math symbol \doteqdot on input line 503.
LaTeX Font Info:    Redeclaring math symbol \triangleq on input line 504.
LaTeX Font Info:    Redeclaring math symbol \precsim on input line 505.
LaTeX Font Info:    Redeclaring math symbol \lesssim on input line 506.
LaTeX Font Info:    Redeclaring math symbol \lessapprox on input line 507.
LaTeX Font Info:    Redeclaring math symbol \eqslantless on input line 508.
LaTeX Font Info:    Redeclaring math symbol \eqslantgtr on input line 509.
LaTeX Font Info:    Redeclaring math symbol \curlyeqprec on input line 510.
LaTeX Font Info:    Redeclaring math symbol \curlyeqsucc on input line 511.
LaTeX Font Info:    Redeclaring math symbol \preccurlyeq on input line 512.
LaTeX Font Info:    Redeclaring math symbol \leqq on input line 513.
LaTeX Font Info:    Redeclaring math symbol \leqslant on input line 514.
LaTeX Font Info:    Redeclaring math symbol \lessgtr on input line 515.
LaTeX Font Info:    Redeclaring math symbol \backprime on input line 516.
LaTeX Font Info:    Redeclaring math symbol \risingdotseq on input line 518.
LaTeX Font Info:    Redeclaring math symbol \fallingdotseq on input line 519.
LaTeX Font Info:    Redeclaring math symbol \succcurlyeq on input line 520.
LaTeX Font Info:    Redeclaring math symbol \geqq on input line 521.
LaTeX Font Info:    Redeclaring math symbol \geqslant on input line 522.
LaTeX Font Info:    Redeclaring math symbol \gtrless on input line 523.
LaTeX Font Info:    Redeclaring math symbol \vartriangleright on input line 528
.
LaTeX Font Info:    Redeclaring math symbol \vartriangleleft on input line 529.

LaTeX Font Info:    Redeclaring math symbol \trianglerighteq on input line 530.

LaTeX Font Info:    Redeclaring math symbol \trianglelefteq on input line 531.
LaTeX Font Info:    Redeclaring math symbol \bigstar on input line 532.
LaTeX Font Info:    Redeclaring math symbol \between on input line 533.
LaTeX Font Info:    Redeclaring math symbol \blacktriangledown on input line 53
4.
LaTeX Font Info:    Redeclaring math symbol \blacktriangleright on input line 5
35.
LaTeX Font Info:    Redeclaring math symbol \blacktriangleleft on input line 53
6.
LaTeX Font Info:    Redeclaring math symbol \vartriangle on input line 539.
LaTeX Font Info:    Redeclaring math symbol \blacktriangle on input line 540.
LaTeX Font Info:    Redeclaring math symbol \triangledown on input line 541.
LaTeX Font Info:    Redeclaring math symbol \eqcirc on input line 542.
LaTeX Font Info:    Redeclaring math symbol \lesseqgtr on input line 543.
LaTeX Font Info:    Redeclaring math symbol \gtreqless on input line 544.
LaTeX Font Info:    Redeclaring math symbol \lesseqqgtr on input line 545.
LaTeX Font Info:    Redeclaring math symbol \gtreqqless on input line 546.
LaTeX Font Info:    Redeclaring math symbol \Rrightarrow on input line 547.
LaTeX Font Info:    Redeclaring math symbol \Lleftarrow on input line 548.
LaTeX Font Info:    Redeclaring math symbol \veebar on input line 549.
LaTeX Font Info:    Redeclaring math symbol \barwedge on input line 550.
LaTeX Font Info:    Redeclaring math symbol \angle on input line 551.
LaTeX Font Info:    Redeclaring math symbol \measuredangle on input line 552.
LaTeX Font Info:    Redeclaring math symbol \sphericalangle on input line 553.
LaTeX Font Info:    Redeclaring math symbol \varpropto on input line 554.
LaTeX Font Info:    Redeclaring math symbol \smallsmile on input line 555.
LaTeX Font Info:    Redeclaring math symbol \smallfrown on input line 556.
LaTeX Font Info:    Redeclaring math symbol \Subset on input line 557.
LaTeX Font Info:    Redeclaring math symbol \Supset on input line 558.
LaTeX Font Info:    Redeclaring math symbol \Cup on input line 559.
LaTeX Font Info:    Redeclaring math symbol \Cap on input line 560.
LaTeX Font Info:    Redeclaring math symbol \curlywedge on input line 561.
LaTeX Font Info:    Redeclaring math symbol \curlyvee on input line 562.
LaTeX Font Info:    Redeclaring math symbol \leftthreetimes on input line 563.
LaTeX Font Info:    Redeclaring math symbol \rightthreetimes on input line 564.

LaTeX Font Info:    Redeclaring math symbol \subseteqq on input line 565.
LaTeX Font Info:    Redeclaring math symbol \supseteqq on input line 566.
LaTeX Font Info:    Redeclaring math symbol \bumpeq on input line 567.
LaTeX Font Info:    Redeclaring math symbol \Bumpeq on input line 568.
LaTeX Font Info:    Redeclaring math symbol \lll on input line 569.
LaTeX Font Info:    Redeclaring math symbol \ggg on input line 570.
LaTeX Font Info:    Redeclaring math symbol \circledS on input line 571.
LaTeX Font Info:    Redeclaring math symbol \pitchfork on input line 572.
LaTeX Font Info:    Redeclaring math symbol \dotplus on input line 573.
LaTeX Font Info:    Redeclaring math symbol \backsim on input line 574.
LaTeX Font Info:    Redeclaring math symbol \backsimeq on input line 575.
LaTeX Font Info:    Redeclaring math symbol \complement on input line 576.
LaTeX Font Info:    Redeclaring math symbol \intercal on input line 577.
LaTeX Font Info:    Redeclaring math symbol \circledcirc on input line 578.
LaTeX Font Info:    Redeclaring math symbol \circledast on input line 579.
LaTeX Font Info:    Redeclaring math symbol \circleddash on input line 580.
LaTeX Font Info:    Redeclaring math symbol \lvertneqq on input line 581.
LaTeX Font Info:    Redeclaring math symbol \gvertneqq on input line 582.
LaTeX Font Info:    Redeclaring math symbol \nleq on input line 583.
LaTeX Font Info:    Redeclaring math symbol \ngeq on input line 584.
LaTeX Font Info:    Redeclaring math symbol \nless on input line 585.
LaTeX Font Info:    Redeclaring math symbol \ngtr on input line 586.
LaTeX Font Info:    Redeclaring math symbol \nprec on input line 587.
LaTeX Font Info:    Redeclaring math symbol \nsucc on input line 588.
LaTeX Font Info:    Redeclaring math symbol \lneqq on input line 589.
LaTeX Font Info:    Redeclaring math symbol \gneqq on input line 590.
LaTeX Font Info:    Redeclaring math symbol \nleqslant on input line 591.
LaTeX Font Info:    Redeclaring math symbol \ngeqslant on input line 592.
LaTeX Font Info:    Redeclaring math symbol \lneq on input line 593.
LaTeX Font Info:    Redeclaring math symbol \gneq on input line 594.
LaTeX Font Info:    Redeclaring math symbol \npreceq on input line 595.
LaTeX Font Info:    Redeclaring math symbol \nsucceq on input line 596.
LaTeX Font Info:    Redeclaring math symbol \precnsim on input line 597.
LaTeX Font Info:    Redeclaring math symbol \succnsim on input line 598.
LaTeX Font Info:    Redeclaring math symbol \lnsim on input line 599.
LaTeX Font Info:    Redeclaring math symbol \gnsim on input line 600.
LaTeX Font Info:    Redeclaring math symbol \nleqq on input line 601.
LaTeX Font Info:    Redeclaring math symbol \ngeqq on input line 602.
LaTeX Font Info:    Redeclaring math symbol \precneqq on input line 603.
LaTeX Font Info:    Redeclaring math symbol \succneqq on input line 604.
LaTeX Font Info:    Redeclaring math symbol \precnapprox on input line 605.
LaTeX Font Info:    Redeclaring math symbol \succnapprox on input line 606.
LaTeX Font Info:    Redeclaring math symbol \lnapprox on input line 607.
LaTeX Font Info:    Redeclaring math symbol \gnapprox on input line 608.
LaTeX Font Info:    Redeclaring math symbol \nsim on input line 609.
LaTeX Font Info:    Redeclaring math symbol \ncong on input line 610.
LaTeX Font Info:    Redeclaring math symbol \diagup on input line 611.
LaTeX Font Info:    Redeclaring math symbol \diagdown on input line 612.
LaTeX Font Info:    Redeclaring math symbol \varsubsetneq on input line 613.
LaTeX Font Info:    Redeclaring math symbol \varsupsetneq on input line 614.
LaTeX Font Info:    Redeclaring math symbol \nsubseteqq on input line 615.
LaTeX Font Info:    Redeclaring math symbol \nsupseteqq on input line 616.
LaTeX Font Info:    Redeclaring math symbol \subsetneqq on input line 617.
LaTeX Font Info:    Redeclaring math symbol \supsetneqq on input line 618.
LaTeX Font Info:    Redeclaring math symbol \varsubsetneqq on input line 619.
LaTeX Font Info:    Redeclaring math symbol \varsupsetneqq on input line 620.
LaTeX Font Info:    Redeclaring math symbol \subsetneq on input line 621.
LaTeX Font Info:    Redeclaring math symbol \supsetneq on input line 622.
LaTeX Font Info:    Redeclaring math symbol \nsubseteq on input line 623.
LaTeX Font Info:    Redeclaring math symbol \nsupseteq on input line 624.
LaTeX Font Info:    Redeclaring math symbol \nparallel on input line 625.
LaTeX Font Info:    Redeclaring math symbol \nmid on input line 626.
LaTeX Font Info:    Redeclaring math symbol \nshortmid on input line 627.
LaTeX Font Info:    Redeclaring math symbol \nshortparallel on input line 628.
LaTeX Font Info:    Redeclaring math symbol \nvdash on input line 629.
LaTeX Font Info:    Redeclaring math symbol \nVdash on input line 630.
LaTeX Font Info:    Redeclaring math symbol \nvDash on input line 631.
LaTeX Font Info:    Redeclaring math symbol \nVDash on input line 632.
LaTeX Font Info:    Redeclaring math symbol \ntrianglerighteq on input line 633
.
LaTeX Font Info:    Redeclaring math symbol \ntrianglelefteq on input line 634.

LaTeX Font Info:    Redeclaring math symbol \ntriangleleft on input line 635.
LaTeX Font Info:    Redeclaring math symbol \ntriangleright on input line 636.
LaTeX Font Info:    Redeclaring math symbol \nleftarrow on input line 637.
LaTeX Font Info:    Redeclaring math symbol \nrightarrow on input line 638.
LaTeX Font Info:    Redeclaring math symbol \nLeftarrow on input line 639.
LaTeX Font Info:    Redeclaring math symbol \nRightarrow on input line 640.
LaTeX Font Info:    Redeclaring math symbol \nLeftrightarrow on input line 641.

LaTeX Font Info:    Redeclaring math symbol \nleftrightarrow on input line 642.

LaTeX Font Info:    Redeclaring math symbol \divideontimes on input line 643.
LaTeX Font Info:    Redeclaring math symbol \varnothing on input line 644.
LaTeX Font Info:    Redeclaring math symbol \nexists on input line 645.
LaTeX Font Info:    Redeclaring math symbol \Finv on input line 646.
LaTeX Font Info:    Redeclaring math symbol \Game on input line 647.
LaTeX Font Info:    Redeclaring math symbol \simeq on input line 650.
LaTeX Font Info:    Redeclaring math symbol \eqsim on input line 651.
LaTeX Font Info:    Redeclaring math symbol \beth on input line 652.
LaTeX Font Info:    Redeclaring math symbol \gimel on input line 653.
LaTeX Font Info:    Redeclaring math symbol \daleth on input line 654.
LaTeX Font Info:    Redeclaring math symbol \lessdot on input line 655.
LaTeX Font Info:    Redeclaring math symbol \gtrdot on input line 656.
LaTeX Font Info:    Redeclaring math symbol \ltimes on input line 657.
LaTeX Font Info:    Redeclaring math symbol \rtimes on input line 658.
LaTeX Font Info:    Redeclaring math symbol \shortmid on input line 659.
LaTeX Font Info:    Redeclaring math symbol \shortparallel on input line 660.
LaTeX Font Info:    Redeclaring math symbol \smallsetminus on input line 661.
LaTeX Font Info:    Redeclaring math symbol \thicksim on input line 662.
LaTeX Font Info:    Redeclaring math symbol \thickapprox on input line 663.
LaTeX Font Info:    Redeclaring math symbol \approxeq on input line 664.
LaTeX Font Info:    Redeclaring math symbol \succapprox on input line 665.
LaTeX Font Info:    Redeclaring math symbol \precapprox on input line 666.
LaTeX Font Info:    Redeclaring math symbol \curvearrowleft on input line 667.
LaTeX Font Info:    Redeclaring math symbol \curvearrowright on input line 668.

LaTeX Font Info:    Redeclaring math symbol \digamma on input line 669.
LaTeX Font Info:    Redeclaring math symbol \varkappa on input line 670.
LaTeX Font Info:    Redeclaring math symbol \Bbbk on input line 671.
LaTeX Font Info:    Redeclaring math symbol \hslash on input line 672.
LaTeX Font Info:    Redeclaring math symbol \hbar on input line 673.
LaTeX Font Info:    Redeclaring math symbol \backepsilon on input line 674.
LaTeX Font Info:    Redeclaring math symbol \dashrightarrow on input line 675.
LaTeX Font Info:    Redeclaring math symbol \dashleftarrow on input line 676.
LaTeX Font Info:    Redeclaring math delimiter \ulcorner on input line 679.
LaTeX Font Info:    Redeclaring math delimiter \urcorner on input line 680.
LaTeX Font Info:    Redeclaring math delimiter \llcorner on input line 681.
LaTeX Font Info:    Redeclaring math delimiter \lrcorner on input line 682.
)
(./2012course.aux)
\openout1 = `2012course.aux'.

LaTeX Font Info:    Checking defaults for OML/cmm/m/it on input line 98.
LaTeX Font Info:    ... okay on input line 98.
LaTeX Font Info:    Checking defaults for T1/cmr/m/n on input line 98.
LaTeX Font Info:    ... okay on input line 98.
LaTeX Font Info:    Checking defaults for OT1/cmr/m/n on input line 98.
LaTeX Font Info:    ... okay on input line 98.
LaTeX Font Info:    Checking defaults for OMS/cmsy/m/n on input line 98.
LaTeX Font Info:    ... okay on input line 98.
LaTeX Font Info:    Checking defaults for OMX/cmex/m/n on input line 98.
LaTeX Font Info:    ... okay on input line 98.
LaTeX Font Info:    Checking defaults for U/cmr/m/n on input line 98.
LaTeX Font Info:    ... okay on input line 98.
LaTeX Font Info:    Checking defaults for PD1/pdf/m/n on input line 98.
LaTeX Font Info:    ... okay on input line 98.
LaTeX Font Info:    Checking defaults for LY1/ptm/m/n on input line 98.
LaTeX Font Info:    ... okay on input line 98.
LaTeX Font Info:    Checking defaults for LMR/hlcm/m/n on input line 98.
LaTeX Font Info:    Try loading font information for LMR+hlcm on input line 98.


(/usr/local/texlive/2011/../texmf-local/tex/latex/lucidabr/lmrhlcm.fd
File: lmrhlcm.fd 2005/11/28 v4.3 Lucida New Math Arrows (SPQR/DPC/TUG)
)
LaTeX Font Info:    ... okay on input line 98.
LaTeX Font Info:    Try loading font information for LY1+hls on input line 98.

(/usr/local/texlive/2011/../texmf-local/tex/latex/lucida/ly1hls.fd
File: ly1hls.fd 2003/01/04 v4.2k Lucida Bright Sans (KB Names)
)
LaTeX Font Info:    Font shape `LY1/hls/m/n' will be
(Font)              scaled to size 10.29301pt on input line 98.

*geometry* driver: auto-detecting
*geometry* detected driver: pdftex
*geometry* verbose mode - [ preamble ] result:
* driver: pdftex
* paper: custom
* layout: <same size as paper>
* layoutoffset:(h,v)=(0.0pt,0.0pt)
* modes: includehead includefoot 
* h-part:(L,W,R)=(28.45274pt, 307.28987pt, 28.45274pt)
* v-part:(T,H,B)=(0.0pt, 273.14662pt, 0.0pt)
* \paperwidth=364.19536pt
* \paperheight=273.14662pt
* \textwidth=307.28987pt
* \textheight=244.6939pt
* \oddsidemargin=-43.81725pt
* \evensidemargin=-43.81725pt
* \topmargin=-72.26999pt
* \headheight=14.22636pt
* \headsep=0.0pt
* \topskip=11.0pt
* \footskip=14.22636pt
* \marginparwidth=4.0pt
* \marginparsep=10.0pt
* \columnsep=10.0pt
* \skip\footins=10.0pt plus 4.0pt minus 2.0pt
* \hoffset=0.0pt
* \voffset=0.0pt
* \mag=1000
* \@twocolumnfalse
* \@twosidefalse
* \@mparswitchfalse
* \@reversemarginfalse
* (1in=72.27pt=25.4mm, 1cm=28.453pt)

(/usr/local/texlive/2011/texmf-dist/tex/context/base/supp-pdf.mkii
[Loading MPS to PDF converter (version 2006.09.02).]
\scratchcounter=\count154
\scratchdimen=\dimen183
\scratchbox=\box53
\nofMPsegments=\count155
\nofMParguments=\count156
\everyMPshowfont=\toks42
\MPscratchCnt=\count157
\MPscratchDim=\dimen184
\MPnumerator=\count158
\makeMPintoPDFobject=\count159
\everyMPtoPDFconversion=\toks43
) (/usr/local/texlive/2011/texmf-dist/tex/latex/oberdiek/epstopdf-base.sty
Package: epstopdf-base 2010/02/09 v2.5 Base part for package epstopdf

(/usr/local/texlive/2011/texmf-dist/tex/latex/oberdiek/grfext.sty
Package: grfext 2010/08/19 v1.1 Managing graphics extensions (HO)
)
Package grfext Info: Graphics extension search list:
(grfext)             [.png,.pdf,.jpg,.mps,.jpeg,.jbig2,.jb2,.PNG,.PDF,.JPG,.JPE
G,.JBIG2,.JB2,.eps]
(grfext)             \AppendGraphicsExtensions on input line 452.

(/usr/local/texlive/2011/texmf-dist/tex/latex/latexconfig/epstopdf-sys.cfg
File: epstopdf-sys.cfg 2010/07/13 v1.3 Configuration of (r)epstopdf for TeX Liv
e
))
ABD: EveryShipout initializing macros
\AtBeginShipoutBox=\box54
Package hyperref Info: Link coloring OFF on input line 98.

(/usr/local/texlive/2011/texmf-dist/tex/latex/hyperref/nameref.sty
Package: nameref 2010/04/30 v2.40 Cross-referencing by name of section

(/usr/local/texlive/2011/texmf-dist/tex/generic/oberdiek/gettitlestring.sty
Package: gettitlestring 2010/12/03 v1.4 Cleanup title references (HO)
)
\c@section@level=\count160
)
LaTeX Info: Redefining \ref on input line 98.
LaTeX Info: Redefining \pageref on input line 98.
LaTeX Info: Redefining \nameref on input line 98.

(./2012course.out) (./2012course.out)
\@outlinefile=\write5
\openout5 = `2012course.out'.

LaTeX Font Info:    Encoding `LY1' has changed to `OT1' for symbol font
(Font)              `operators' in the math version `normal' on input line 98.
LaTeX Font Info:    Overwriting symbol font `operators' in version `normal'
(Font)                  LY1/hlh/m/n --> OT1/cmss/m/n on input line 98.
LaTeX Font Info:    Encoding `LY1' has changed to `OT1' for symbol font
(Font)              `operators' in the math version `bold' on input line 98.
LaTeX Font Info:    Overwriting symbol font `operators' in version `bold'
(Font)                  LY1/hlh/b/n --> OT1/cmss/bx/n on input line 98.
\symnumbers=\mathgroup8
\sympureletters=\mathgroup9
LaTeX Font Info:    Overwriting math alphabet `\mathrm' in version `normal'
(Font)                  LY1/hlh/m/n --> LY1/hlh/m/n on input line 98.
LaTeX Font Info:    Redeclaring math alphabet \mathbf on input line 98.
LaTeX Font Info:    Overwriting math alphabet `\mathbf' in version `normal'
(Font)                  LY1/hlh/b/n --> LY1/hls/bx/n on input line 98.
LaTeX Font Info:    Overwriting math alphabet `\mathbf' in version `bold'
(Font)                  LY1/hlh/b/n --> LY1/hls/bx/n on input line 98.
LaTeX Font Info:    Redeclaring math alphabet \mathsf on input line 98.
LaTeX Font Info:    Overwriting math alphabet `\mathsf' in version `normal'
(Font)                  LY1/hls/m/n --> LY1/hls/m/n on input line 98.
LaTeX Font Info:    Overwriting math alphabet `\mathsf' in version `bold'
(Font)                  LY1/hls/b/n --> LY1/hls/m/n on input line 98.
LaTeX Font Info:    Redeclaring math alphabet \mathit on input line 98.
LaTeX Font Info:    Overwriting math alphabet `\mathit' in version `normal'
(Font)                  LY1/hlh/m/it --> LY1/hls/m/it on input line 98.
LaTeX Font Info:    Overwriting math alphabet `\mathit' in version `bold'
(Font)                  LY1/hlh/b/it --> LY1/hls/m/it on input line 98.
LaTeX Font Info:    Redeclaring math alphabet \mathtt on input line 98.
LaTeX Font Info:    Overwriting math alphabet `\mathtt' in version `normal'
(Font)                  LY1/hlst/m/n --> LY1/hlst/m/n on input line 98.
LaTeX Font Info:    Overwriting math alphabet `\mathtt' in version `bold'
(Font)                  LY1/hlst/b/n --> LY1/hlst/m/n on input line 98.
LaTeX Font Info:    Overwriting symbol font `numbers' in version `bold'
(Font)                  LY1/hls/m/n --> LY1/hls/bx/n on input line 98.
LaTeX Font Info:    Overwriting symbol font `pureletters' in version `bold'
(Font)                  LY1/hls/m/it --> LY1/hls/bx/it on input line 98.
LaTeX Font Info:    Overwriting math alphabet `\mathrm' in version `bold'
(Font)                  LY1/hlh/b/n --> LY1/hlh/bx/n on input line 98.
LaTeX Font Info:    Overwriting math alphabet `\mathbf' in version `bold'
(Font)                  LY1/hls/bx/n --> LY1/hls/bx/n on input line 98.
LaTeX Font Info:    Overwriting math alphabet `\mathsf' in version `bold'
(Font)                  LY1/hls/m/n --> LY1/hls/bx/n on input line 98.
LaTeX Font Info:    Overwriting math alphabet `\mathit' in version `bold'
(Font)                  LY1/hls/m/it --> LY1/hls/bx/it on input line 98.
LaTeX Font Info:    Overwriting math alphabet `\mathtt' in version `bold'
(Font)                  LY1/hlst/m/n --> LY1/hlst/bx/n on input line 98.

(/usr/local/texlive/2011/texmf-dist/tex/latex/beamer/translator/dicts/translato
r-basic-dictionary/translator-basic-dictionary-English.dict
Dictionary: translator-basic-dictionary, Language: English 
)
(/usr/local/texlive/2011/texmf-dist/tex/latex/beamer/translator/dicts/translato
r-bibliography-dictionary/translator-bibliography-dictionary-English.dict
Dictionary: translator-bibliography-dictionary, Language: English 
)
(/usr/local/texlive/2011/texmf-dist/tex/latex/beamer/translator/dicts/translato
r-environment-dictionary/translator-environment-dictionary-English.dict
Dictionary: translator-environment-dictionary, Language: English 
)
(/usr/local/texlive/2011/texmf-dist/tex/latex/beamer/translator/dicts/translato
r-months-dictionary/translator-months-dictionary-English.dict
Dictionary: translator-months-dictionary, Language: English 
)
(/usr/local/texlive/2011/texmf-dist/tex/latex/beamer/translator/dicts/translato
r-numbers-dictionary/translator-numbers-dictionary-English.dict
Dictionary: translator-numbers-dictionary, Language: English 
)
(/usr/local/texlive/2011/texmf-dist/tex/latex/beamer/translator/dicts/translato
r-theorem-dictionary/translator-theorem-dictionary-English.dict
Dictionary: translator-theorem-dictionary, Language: English 
)
(./2012course.nav)
LaTeX Font Info:    Font shape `LY1/hls/m/n' will be
(Font)              scaled to size 6.12003pt on input line 98.
LaTeX Font Info:    Try loading font information for OML+hlcm on input line 131
.

(/usr/local/texlive/2011/../texmf-local/tex/latex/lucidabr/omlhlcm.fd
File: omlhlcm.fd 2005/11/28 v4.3 Lucida New Math Italic (SPQR/DPC/TUG)
)
LaTeX Font Info:    Font shape `OML/hlcm/m/it' will be
(Font)              scaled to size 10.29301pt on input line 131.
LaTeX Font Info:    Font shape `OML/hlcm/m/it' will be
(Font)              scaled to size 7.76001pt on input line 131.
LaTeX Font Info:    Font shape `OML/hlcm/m/it' will be
(Font)              scaled to size 6.12003pt on input line 131.
LaTeX Font Info:    Try loading font information for OMS+hlcy on input line 131
.

(/usr/local/texlive/2011/../texmf-local/tex/latex/lucidabr/omshlcy.fd
File: omshlcy.fd 2005/11/28 v4.3 Lucida New Math Symbols (SPQR/DPC/TUG)
)
LaTeX Font Info:    Font shape `OMS/hlcy/m/n' will be
(Font)              scaled to size 10.29301pt on input line 131.
LaTeX Font Info:    Font shape `OMS/hlcy/m/n' will be
(Font)              scaled to size 7.76001pt on input line 131.
LaTeX Font Info:    Font shape `OMS/hlcy/m/n' will be
(Font)              scaled to size 6.12003pt on input line 131.
LaTeX Font Info:    Try loading font information for OMX+hlcv on input line 131
.

(/usr/local/texlive/2011/../texmf-local/tex/latex/lucidabr/omxhlcv.fd
File: omxhlcv.fd 2005/11/28 v4.3 Lucida New Math Extension (SPQR/DPC/TUG)
)
LaTeX Font Info:    Font shape `OMX/hlcv/m/n' will be
(Font)              scaled to size 10.29301pt on input line 131.
LaTeX Font Info:    Font shape `OMX/hlcv/m/n' will be
(Font)              scaled to size 7.76001pt on input line 131.
LaTeX Font Info:    Font shape `OMX/hlcv/m/n' will be
(Font)              scaled to size 6.12003pt on input line 131.
LaTeX Font Info:    Try loading font information for U+msa on input line 131.

(/usr/local/texlive/2011/texmf-dist/tex/latex/amsfonts/umsa.fd
File: umsa.fd 2009/06/22 v3.00 AMS symbols A
)
LaTeX Font Info:    Try loading font information for U+msb on input line 131.

(/usr/local/texlive/2011/texmf-dist/tex/latex/amsfonts/umsb.fd
File: umsb.fd 2009/06/22 v3.00 AMS symbols B
)
LaTeX Font Info:    Try loading font information for U+rsfs on input line 131.

(/usr/local/texlive/2011/texmf-dist/tex/latex/jknapltx/ursfs.fd
File: ursfs.fd 1998/03/24 rsfs font definition file (jk)
)
LaTeX Font Info:    Font shape `LMR/hlcm/m/n' will be
(Font)              scaled to size 10.29301pt on input line 131.
LaTeX Font Info:    Font shape `LMR/hlcm/m/n' will be
(Font)              scaled to size 7.76001pt on input line 131.
LaTeX Font Info:    Font shape `LMR/hlcm/m/n' will be
(Font)              scaled to size 6.12003pt on input line 131.
LaTeX Font Info:    Font shape `LY1/hls/m/n' will be
(Font)              scaled to size 7.76001pt on input line 131.
LaTeX Font Info:    Font shape `LY1/hls/m/it' will be
(Font)              scaled to size 10.29301pt on input line 131.
LaTeX Font Info:    Font shape `LY1/hls/m/it' will be
(Font)              scaled to size 7.76001pt on input line 131.
LaTeX Font Info:    Font shape `LY1/hls/m/it' will be
(Font)              scaled to size 6.12003pt on input line 131.
LaTeX Font Info:    Font shape `LY1/hls/m/n' will be
(Font)              scaled to size 13.24796pt on input line 131.
LaTeX Font Info:    Font shape `LY1/hls/m/n' will be
(Font)              scaled to size 4.15997pt on input line 131.
 [1

{/Users/enrico/Library/texlive/2011/texmf-var/fonts/map/pdftex/updmap/pdftex.ma
p}]
LaTeX Font Info:    Try loading font information for LY1+hlh on input line 163.


(/usr/local/texlive/2011/../texmf-local/tex/latex/lucida/ly1hlh.fd
File: ly1hlh.fd 2003/01/04 v4.2k Lucida Bright (KB Names)
)
LaTeX Font Info:    Font shape `LY1/hlh/m/n' will be
(Font)              scaled to size 10.29301pt on input line 163.
LaTeX Font Info:    Font shape `LY1/hlh/m/n' will be
(Font)              scaled to size 7.76001pt on input line 163.
LaTeX Font Info:    Font shape `LY1/hlh/m/n' will be
(Font)              scaled to size 6.12003pt on input line 163.
 [2

]
\tf@nav=\write6
\openout6 = `2012course.nav'.

\tf@toc=\write7
\openout7 = `2012course.toc'.

\tf@snm=\write8
\openout8 = `2012course.snm'.

Package atveryend Info: Empty hook `BeforeClearDocument' on input line 167.
Package atveryend Info: Empty hook `AfterLastShipout' on input line 167.

(./2012course.aux)
Package atveryend Info: Executing hook `AtVeryEndDocument' on input line 167.
Package atveryend Info: Executing hook `AtEndAfterFileList' on input line 167.
Package rerunfilecheck Info: File `2012course.out' has not changed.
(rerunfilecheck)             Checksum: D41D8CD98F00B204E9800998ECF8427E;0.
 ) 
Here is how much of TeX's memory you used:
 16076 strings out of 493629
 301157 string characters out of 3143322
 369851 words of memory out of 3000000
 18959 multiletter control sequences out of 15000+200000
 17592 words of font info for 51 fonts, out of 3000000 for 9000
 831 hyphenation exceptions out of 8191
 49i,14n,55p,418b,545s stack positions out of 5000i,500n,10000p,200000b,50000s
{/usr/local/texlive/2011/texmf-dist/fonts/enc/dvips/ly1/texnansi.enc}</usr/lo
cal/texlive/2011/texmf-dist/fonts/type1/public/amsfonts/cm/cmss10.pfb></usr/loc
al/texlive/2011/../texmf-local/fonts/type1/bh/lucida/lbma.pfb></usr/local/texli
ve/2011/../texmf-local/fonts/type1/bh/lucida/lbme.pfb></usr/local/texlive/2011/
../texmf-local/fonts/type1/bh/lucida/lbmo.pfb></usr/local/texlive/2011/../texmf
-local/fonts/type1/bh/lucida/lbms.pfb></usr/local/texlive/2011/../texmf-local/f
onts/type1/bh/lucida/lbr.pfb></usr/local/texlive/2011/../texmf-local/fonts/type
1/bh/lucida/lsi.pfb></usr/local/texlive/2011/../texmf-local/fonts/type1/bh/luci
da/lsr.pfb>
Output written on 2012course.pdf (2 pages, 36524 bytes).
PDF statistics:
 99 PDF objects out of 1000 (max. 8388607)
 82 compressed objects within 1 object stream
 5 named destinations out of 1000 (max. 500000)
 33 words of extra memory for PDF output out of 10000 (max. 10000000)

